# JRE version: Java(TM) SE Runtime Environment (8.0_92-b14) (build 1.8.0_92-b14)
# Java VM: Java HotSpot(TM) 64-Bit Server VM (25.92-b14 mixed mode windows-amd64 compressed oops)
Heap:
 PSYoungGen      total 216064K, used 26891K [0x00000000d5c00000, 0x00000000e6600000, 0x0000000100000000)
  eden space 176640K, 0% used [0x00000000d5c00000,0x00000000d5c00000,0x00000000e0880000)
  from space 39424K, 68% used [0x00000000e0880000,0x00000000e22c2f00,0x00000000e2f00000)
  to   space 40960K, 0% used [0x00000000e3e00000,0x00000000e3e00000,0x00000000e6600000)
 ParOldGen       total 175104K, used 65478K [0x0000000081400000, 0x000000008bf00000, 0x00000000d5c00000)
  object space 175104K, 37% used [0x0000000081400000,0x00000000853f1900,0x000000008bf00000)
 Metaspace       used 189412K, capacity 190513K, committed 191148K, reserved 1212416K
  class space    used 28018K, capacity 28363K, committed 28416K, reserved 1048576K
GC Heap History (10 events):
Event: 209.039 GC heap after
Heap after GC invocations=27 (full 6):
 PSYoungGen      total 184320K, used 8655K [0x00000000d5c00000, 0x00000000e4b00000, 0x0000000100000000)
  eden space 141824K, 0% used [0x00000000d5c00000,0x00000000d5c00000,0x00000000de680000)
  from space 42496K, 20% used [0x00000000de680000,0x00000000deef3cf0,0x00000000e1000000)
  to   space 40960K, 0% used [0x00000000e2300000,0x00000000e2300000,0x00000000e4b00000)
 ParOldGen       total 175104K, used 65446K [0x0000000081400000, 0x000000008bf00000, 0x00000000d5c00000)
  object space 175104K, 37% used [0x0000000081400000,0x00000000853e9900,0x000000008bf00000)
 Metaspace       used 118089K, capacity 118811K, committed 119168K, reserved 1148928K
  class space    used 20095K, capacity 20322K, committed 20352K, reserved 1048576K
}
Event: 217.430 GC heap before
{Heap before GC invocations=28 (full 6):
 PSYoungGen      total 184320K, used 150479K [0x00000000d5c00000, 0x00000000e4b00000, 0x0000000100000000)
  eden space 141824K, 100% used [0x00000000d5c00000,0x00000000de680000,0x00000000de680000)
  from space 42496K, 20% used [0x00000000de680000,0x00000000deef3cf0,0x00000000e1000000)
  to   space 40960K, 0% used [0x00000000e2300000,0x00000000e2300000,0x00000000e4b00000)
 ParOldGen       total 175104K, used 65446K [0x0000000081400000, 0x000000008bf00000, 0x00000000d5c00000)
  object space 175104K, 37% used [0x0000000081400000,0x00000000853e9900,0x000000008bf00000)
 Metaspace       used 131203K, capacity 132087K, committed 132480K, reserved 1159168K
  class space    used 21776K, capacity 22082K, committed 22144K, reserved 1048576K
Event: 217.465 GC heap after
Heap after GC invocations=28 (full 6):
 PSYoungGen      total 197632K, used 17478K [0x00000000d5c00000, 0x00000000e4680000, 0x0000000100000000)
  eden space 161280K, 0% used [0x00000000d5c00000,0x00000000d5c00000,0x00000000df980000)
  from space 36352K, 48% used [0x00000000e2300000,0x00000000e34119d8,0x00000000e4680000)
  to   space 39424K, 0% used [0x00000000df980000,0x00000000df980000,0x00000000e2000000)
 ParOldGen       total 175104K, used 65454K [0x0000000081400000, 0x000000008bf00000, 0x00000000d5c00000)
  object space 175104K, 37% used [0x0000000081400000,0x00000000853eb900,0x000000008bf00000)
 Metaspace       used 131203K, capacity 132087K, committed 132480K, reserved 1159168K
  class space    used 21776K, capacity 22082K, committed 22144K, reserved 1048576K
}
Event: 232.244 GC heap before
{Heap before GC invocations=29 (full 6):
 PSYoungGen      total 197632K, used 178758K [0x00000000d5c00000, 0x00000000e4680000, 0x0000000100000000)
  eden space 161280K, 100% used [0x00000000d5c00000,0x00000000df980000,0x00000000df980000)
  from space 36352K, 48% used [0x00000000e2300000,0x00000000e34119d8,0x00000000e4680000)
  to   space 39424K, 0% used [0x00000000df980000,0x00000000df980000,0x00000000e2000000)
 ParOldGen       total 175104K, used 65454K [0x0000000081400000, 0x000000008bf00000, 0x00000000d5c00000)
  object space 175104K, 37% used [0x0000000081400000,0x00000000853eb900,0x000000008bf00000)
 Metaspace       used 142092K, capacity 142985K, committed 143616K, reserved 1169408K
  class space    used 23459K, capacity 23726K, committed 23808K, reserved 1048576K
Event: 232.276 GC heap after
Heap after GC invocations=29 (full 6):
 PSYoungGen      total 200704K, used 20367K [0x00000000d5c00000, 0x00000000e5800000, 0x0000000100000000)
  eden space 161280K, 0% used [0x00000000d5c00000,0x00000000d5c00000,0x00000000df980000)
  from space 39424K, 51% used [0x00000000df980000,0x00000000e0d63c00,0x00000000e2000000)
  to   space 38912K, 0% used [0x00000000e3200000,0x00000000e3200000,0x00000000e5800000)
 ParOldGen       total 175104K, used 65462K [0x0000000081400000, 0x000000008bf00000, 0x00000000d5c00000)
  object space 175104K, 37% used [0x0000000081400000,0x00000000853ed900,0x000000008bf00000)
 Metaspace       used 142092K, capacity 142985K, committed 143616K, reserved 1169408K
  class space    used 23459K, capacity 23726K, committed 23808K, reserved 1048576K
}
Event: 543.713 GC heap before
{Heap before GC invocations=30 (full 6):
 PSYoungGen      total 200704K, used 181647K [0x00000000d5c00000, 0x00000000e5800000, 0x0000000100000000)
  eden space 161280K, 100% used [0x00000000d5c00000,0x00000000df980000,0x00000000df980000)
  from space 39424K, 51% used [0x00000000df980000,0x00000000e0d63c00,0x00000000e2000000)
  to   space 38912K, 0% used [0x00000000e3200000,0x00000000e3200000,0x00000000e5800000)
 ParOldGen       total 175104K, used 65462K [0x0000000081400000, 0x000000008bf00000, 0x00000000d5c00000)
  object space 175104K, 37% used [0x0000000081400000,0x00000000853ed900,0x000000008bf00000)
 Metaspace       used 146469K, capacity 147387K, committed 147968K, reserved 1173504K
  class space    used 23968K, capacity 24250K, committed 24320K, reserved 1048576K
Event: 543.744 GC heap after
Heap after GC invocations=30 (full 6):
 PSYoungGen      total 212992K, used 23556K [0x00000000d5c00000, 0x00000000e5580000, 0x0000000100000000)
  eden space 176640K, 0% used [0x00000000d5c00000,0x00000000d5c00000,0x00000000e0880000)
  from space 36352K, 64% used [0x00000000e3200000,0x00000000e4901190,0x00000000e5580000)
  to   space 39424K, 0% used [0x00000000e0880000,0x00000000e0880000,0x00000000e2f00000)
 ParOldGen       total 175104K, used 65470K [0x0000000081400000, 0x000000008bf00000, 0x00000000d5c00000)
  object space 175104K, 37% used [0x0000000081400000,0x00000000853ef900,0x000000008bf00000)
 Metaspace       used 146469K, capacity 147387K, committed 147968K, reserved 1173504K
  class space    used 23968K, capacity 24250K, committed 24320K, reserved 1048576K
}
Event: 1426.516 GC heap before
{Heap before GC invocations=31 (full 6):
 PSYoungGen      total 212992K, used 156477K [0x00000000d5c00000, 0x00000000e5580000, 0x0000000100000000)
  eden space 176640K, 75% used [0x00000000d5c00000,0x00000000dddce390,0x00000000e0880000)
  from space 36352K, 64% used [0x00000000e3200000,0x00000000e4901190,0x00000000e5580000)
  to   space 39424K, 0% used [0x00000000e0880000,0x00000000e0880000,0x00000000e2f00000)
 ParOldGen       total 175104K, used 65470K [0x0000000081400000, 0x000000008bf00000, 0x00000000d5c00000)
  object space 175104K, 37% used [0x0000000081400000,0x00000000853ef900,0x000000008bf00000)
 Metaspace       used 189412K, capacity 190513K, committed 191148K, reserved 1212416K
  class space    used 28018K, capacity 28363K, committed 28416K, reserved 1048576K
Event: 1426.554 GC heap after
Heap after GC invocations=31 (full 6):
 PSYoungGen      total 216064K, used 26891K [0x00000000d5c00000, 0x00000000e6600000, 0x0000000100000000)
  eden space 176640K, 0% used [0x00000000d5c00000,0x00000000d5c00000,0x00000000e0880000)
  from space 39424K, 68% used [0x00000000e0880000,0x00000000e22c2f00,0x00000000e2f00000)
  to   space 40960K, 0% used [0x00000000e3e00000,0x00000000e3e00000,0x00000000e6600000)
 ParOldGen       total 175104K, used 65478K [0x0000000081400000, 0x000000008bf00000, 0x00000000d5c00000)
  object space 175104K, 37% used [0x0000000081400000,0x00000000853f1900,0x000000008bf00000)
 Metaspace       used 189412K, capacity 190513K, committed 191148K, reserved 1212416K
  class space    used 28018K, capacity 28363K, committed 28416K, reserved 1048576K
}
Event: 1426.554 GC heap before
{Heap before GC invocations=32 (full 7):
 PSYoungGen      total 216064K, used 26891K [0x00000000d5c00000, 0x00000000e6600000, 0x0000000100000000)
  eden space 176640K, 0% used [0x00000000d5c00000,0x00000000d5c00000,0x00000000e0880000)
  from space 39424K, 68% used [0x00000000e0880000,0x00000000e22c2f00,0x00000000e2f00000)
  to   space 40960K, 0% used [0x00000000e3e00000,0x00000000e3e00000,0x00000000e6600000)
 ParOldGen       total 175104K, used 65478K [0x0000000081400000, 0x000000008bf00000, 0x00000000d5c00000)
  object space 175104K, 37% used [0x0000000081400000,0x00000000853f1900,0x000000008bf00000)
 Metaspace       used 189412K, capacity 190513K, committed 191148K, reserved 1212416K
  class space    used 28018K, capacity 28363K, committed 28416K, reserved 1048576K

